#
# There is insufficient memory for the Java Runtime Environment to continue.
# Native memory allocation (malloc) failed to allocate 32744 bytes for ChunkPool::allocate
# Possible reasons:
#   The system is out of physical RAM or swap space
#   The process is running with CompressedOops enabled, and the Java Heap may be blocking the growth of the native heap
# Possible solutions:
#   Reduce memory load on the system
#   Increase physical memory or swap space
#   Check if swap backing store is full
#   Decrease Java heap size (-Xmx/-Xms)
#   Decrease number of Java threads
#   Decrease Java thread stack sizes (-Xss)
#   Set larger code cache with -XX:ReservedCodeCacheSize=
#   JVM is running with Unscaled Compressed Oops mode in which the Java heap is
#     placed in the first 4GB address space. The Java Heap base address is the
#     maximum limit for the native heap growth. Please use -XX:HeapBaseMinAddress
#     to set the Java Heap base and to place the Java Heap above 4GB virtual address.
# This output file may be truncated or incomplete.
#
#  Out of Memory Error (allocation.cpp:272), pid=11140, tid=0x0000000000001b28
#
# JRE version: Java(TM) SE Runtime Environment (8.0_291-b10) (build 1.8.0_291-b10)
# Java VM: Java HotSpot(TM) 64-Bit Server VM (25.291-b10 mixed mode windows-amd64 compressed oops)
# Failed to write core dump. Minidumps are not enabled by default on client versions of Windows
#

---------------  T H R E A D  ---------------

Current thread (0x000001c090b80800):  JavaThread "C1 CompilerThread3" daemon [_thread_in_native, id=6952, stack(0x0000003e22000000,0x0000003e22100000)]

Stack: [0x0000003e22000000,0x0000003e22100000]
Native frames: (J=compiled Java code, j=interpreted, Vv=VM code, C=native code)
V  [jvm.dll+0x32ea19]
V  [jvm.dll+0x275462]
V  [jvm.dll+0x27610d]
V  [jvm.dll+0x26cb45]
V  [jvm.dll+0xd56ed]
V  [jvm.dll+0xd5a4c]
V  [jvm.dll+0x3f8a03]
V  [jvm.dll+0x3f8ad0]
V  [jvm.dll+0x3fb03d]
V  [jvm.dll+0x3fcfc9]
V  [jvm.dll+0x3e0a3f]
V  [jvm.dll+0x3e02ad]
V  [jvm.dll+0x3e048e]
V  [jvm.dll+0x3dfbe1]
V  [jvm.dll+0x3e161f]
V  [jvm.dll+0xabeeb]
V  [jvm.dll+0xaa54b]
V  [jvm.dll+0x23db02]
V  [jvm.dll+0x29210c]
C  [ucrtbase.dll+0x21bb2]
C  [KERNEL32.DLL+0x17034]
C  [ntdll.dll+0x52651]


Current CompileTask:
C1:  18112 4809       1       org.springframework.asm.ClassReader::readCode (5085 bytes)


---------------  P R O C E S S  ---------------

Java Threads: ( => current thread )
  0x000001c0919d2800 JavaThread "container-0" [_thread_blocked, id=10024, stack(0x0000003e22900000,0x0000003e22a00000)]
  0x000001c09072b000 JavaThread "Catalina-utility-2" [_thread_blocked, id=11380, stack(0x0000003e22800000,0x0000003e22900000)]
  0x000001c09072a000 JavaThread "Catalina-utility-1" [_thread_blocked, id=9380, stack(0x0000003e22700000,0x0000003e22800000)]
  0x000001c0920e7000 JavaThread "RMI TCP Connection(3)-192.168.128.1" daemon [_thread_in_native, id=10464, stack(0x0000003e22600000,0x0000003e22700000)]
  0x000001c090fa5000 JavaThread "RMI Scheduler(0)" daemon [_thread_blocked, id=9984, stack(0x0000003e22500000,0x0000003e22600000)]
  0x000001c0915bb000 JavaThread "RMI TCP Connection(2)-192.168.128.1" daemon [_thread_in_native, id=11572, stack(0x0000003e22400000,0x0000003e22500000)]
  0x000001c090e8e000 JavaThread "RMI TCP Accept-0" daemon [_thread_in_native, id=6804, stack(0x0000003e22200000,0x0000003e22300000)]
  0x000001c090c29000 JavaThread "Service Thread" daemon [_thread_blocked, id=11644, stack(0x0000003e22100000,0x0000003e22200000)]
=>0x000001c090b80800 JavaThread "C1 CompilerThread3" daemon [_thread_in_native, id=6952, stack(0x0000003e22000000,0x0000003e22100000)]
  0x000001c090b7c000 JavaThread "C2 CompilerThread2" daemon [_thread_blocked, id=12160, stack(0x0000003e21f00000,0x0000003e22000000)]
  0x000001c090b7a800 JavaThread "C2 CompilerThread1" daemon [_thread_blocked, id=12264, stack(0x0000003e21e00000,0x0000003e21f00000)]
  0x000001c090b72000 JavaThread "C2 CompilerThread0" daemon [_thread_blocked, id=2348, stack(0x0000003e21d00000,0x0000003e21e00000)]
  0x000001c090b4d000 JavaThread "Monitor Ctrl-Break" daemon [_thread_in_native, id=2572, stack(0x0000003e21c00000,0x0000003e21d00000)]
  0x000001c0ff648000 JavaThread "Attach Listener" daemon [_thread_blocked, id=8036, stack(0x0000003e21b00000,0x0000003e21c00000)]
  0x000001c0ff69e800 JavaThread "Signal Dispatcher" daemon [_thread_blocked, id=6324, stack(0x0000003e21a00000,0x0000003e21b00000)]
  0x000001c0ff61b800 JavaThread "Finalizer" daemon [_thread_blocked, id=7268, stack(0x0000003e21900000,0x0000003e21a00000)]
  0x000001c0ff60c800 JavaThread "Reference Handler" daemon [_thread_blocked, id=11720, stack(0x0000003e21800000,0x0000003e21900000)]
  0x000001c0f88ba000 JavaThread "main" [_thread_in_vm, id=5836, stack(0x0000003e20e00000,0x0000003e20f00000)]

Other Threads:
  0x000001c0ff5e3000 VMThread [stack: 0x0000003e21700000,0x0000003e21800000] [id=10324]
  0x000001c090e9b000 WatcherThread [stack: 0x0000003e22300000,0x0000003e22400000] [id=12848]

VM state:not at safepoint (normal execution)

VM Mutex/Monitor currently owned by a thread: None

heap address: 0x0000000088c00000, size: 1908 MB, Compressed Oops mode: 32-bit
Narrow klass base: 0x0000000000000000, Narrow klass shift: 3
Compressed class space size: 1073741824 Address: 0x0000000100000000

Heap:
 PSYoungGen      total 128000K, used 88241K [0x00000000d8400000, 0x00000000e2180000, 0x0000000100000000)
  eden space 119808K, 68% used [0x00000000d8400000,0x00000000dd49c5c8,0x00000000df900000)
  from space 8192K, 69% used [0x00000000df900000,0x00000000dfe90020,0x00000000e0100000)
  to   space 9216K, 0% used [0x00000000e1880000,0x00000000e1880000,0x00000000e2180000)
 ParOldGen       total 50176K, used 19887K [0x0000000088c00000, 0x000000008bd00000, 0x00000000d8400000)
  object space 50176K, 39% used [0x0000000088c00000,0x0000000089f6bd10,0x000000008bd00000)
 Metaspace       used 38606K, capacity 40848K, committed 41088K, reserved 1085440K
  class space    used 5014K, capacity 5426K, committed 5504K, reserved 1048576K

Card table byte_map: [0x000001c0fa600000,0x000001c0fa9c0000] byte_map_base: 0x000001c0fa1ba000

Marking Bits: (ParMarkBitMap*) 0x000000006fa77fe0
 Begin Bits: [0x000001c0fac40000, 0x000001c0fca10000)
 End Bits:   [0x000001c0fca10000, 0x000001c0fe7e0000)

Polling page: 0x000001c0f8a10000

CodeCache: size=245760Kb used=9206Kb max_used=9206Kb free=236553Kb
 bounds [0x000001c080000000, 0x000001c080900000, 0x000001c08f000000]
 total_blobs=5235 nmethods=4771 adapters=375
 compilation: enabled

Compilation events (10 events):
Event: 18.025 Thread 0x000001c090b80800 nmethod 4804 0x000001c0808fb9d0 code [0x000001c0808fbb40, 0x000001c0808fbcc0]
Event: 18.028 Thread 0x000001c090b80800 4805       1       java.util.Collections$EmptyList::toArray (5 bytes)
Event: 18.028 Thread 0x000001c090b80800 nmethod 4805 0x000001c0808fbd50 code [0x000001c0808fbea0, 0x000001c0808fc038]
Event: 18.034 Thread 0x000001c090b80800 4806       1       java.lang.Class::getDeclaredMethod (67 bytes)
Event: 18.034 Thread 0x000001c090b80800 nmethod 4806 0x000001c0808fc0d0 code [0x000001c0808fc2c0, 0x000001c0808fc780]
Event: 18.039 Thread 0x000001c090b80800 4808       1       org.springframework.beans.factory.support.ConstructorResolver::setCurrentInjectionPoint (32 bytes)
Event: 18.039 Thread 0x000001c090b80800 nmethod 4808 0x000001c0808fcb10 code [0x000001c0808fcca0, 0x000001c0808fcf60]
Event: 18.039 Thread 0x000001c090b80800 4807       1       org.springframework.boot.context.properties.ConfigurationPropertiesBean::findMergedAnnotation (24 bytes)
Event: 18.039 Thread 0x000001c090b80800 nmethod 4807 0x000001c0808fd250 code [0x000001c0808fd3e0, 0x000001c0808fd700]
Event: 18.041 Thread 0x000001c090b80800 4809       1       org.springframework.asm.ClassReader::readCode (5085 bytes)

GC Heap History (10 events):
Event: 12.615 GC heap before
{Heap before GC invocations=11 (full 1):
 PSYoungGen      total 128000K, used 127747K [0x00000000d8400000, 0x00000000e2180000, 0x0000000100000000)
  eden space 119808K, 100% used [0x00000000d8400000,0x00000000df900000,0x00000000df900000)
  from space 8192K, 96% used [0x00000000df900000,0x00000000e00c0f50,0x00000000e0100000)
  to   space 9216K, 0% used [0x00000000e1880000,0x00000000e1880000,0x00000000e2180000)
 ParOldGen       total 50176K, used 6476K [0x0000000088c00000, 0x000000008bd00000, 0x00000000d8400000)
  object space 50176K, 12% used [0x0000000088c00000,0x0000000089253248,0x000000008bd00000)
 Metaspace       used 28159K, capacity 29638K, committed 29824K, reserved 1075200K
  class space    used 3808K, capacity 4103K, committed 4224K, reserved 1048576K
Event: 12.626 GC heap after
Heap after GC invocations=11 (full 1):
 PSYoungGen      total 129024K, used 9209K [0x00000000d8400000, 0x00000000e2180000, 0x0000000100000000)
  eden space 119808K, 0% used [0x00000000d8400000,0x00000000d8400000,0x00000000df900000)
  from space 9216K, 99% used [0x00000000e1880000,0x00000000e217e468,0x00000000e2180000)
  to   space 8192K, 0% used [0x00000000df900000,0x00000000df900000,0x00000000e0100000)
 ParOldGen       total 50176K, used 9701K [0x0000000088c00000, 0x000000008bd00000, 0x00000000d8400000)
  object space 50176K, 19% used [0x0000000088c00000,0x00000000895794c8,0x000000008bd00000)
 Metaspace       used 28159K, capacity 29638K, committed 29824K, reserved 1075200K
  class space    used 3808K, capacity 4103K, committed 4224K, reserved 1048576K
}
Event: 15.919 GC heap before
{Heap before GC invocations=12 (full 1):
 PSYoungGen      total 129024K, used 128164K [0x00000000d8400000, 0x00000000e2180000, 0x0000000100000000)
  eden space 119808K, 99% used [0x00000000d8400000,0x00000000df82ae20,0x00000000df900000)
  from space 9216K, 99% used [0x00000000e1880000,0x00000000e217e468,0x00000000e2180000)
  to   space 8192K, 0% used [0x00000000df900000,0x00000000df900000,0x00000000e0100000)
 ParOldGen       total 50176K, used 9701K [0x0000000088c00000, 0x000000008bd00000, 0x00000000d8400000)
  object space 50176K, 19% used [0x0000000088c00000,0x00000000895794c8,0x000000008bd00000)
 Metaspace       used 33342K, capacity 35354K, committed 35496K, reserved 1079296K
  class space    used 4482K, capacity 4873K, committed 4992K, reserved 1048576K
Event: 15.928 GC heap after
Heap after GC invocations=12 (full 1):
 PSYoungGen      total 128000K, used 7063K [0x00000000d8400000, 0x00000000e2180000, 0x0000000100000000)
  eden space 119808K, 0% used [0x00000000d8400000,0x00000000d8400000,0x00000000df900000)
  from space 8192K, 86% used [0x00000000df900000,0x00000000dffe5ef0,0x00000000e0100000)
  to   space 9216K, 0% used [0x00000000e1880000,0x00000000e1880000,0x00000000e2180000)
 ParOldGen       total 50176K, used 15145K [0x0000000088c00000, 0x000000008bd00000, 0x00000000d8400000)
  object space 50176K, 30% used [0x0000000088c00000,0x0000000089aca598,0x000000008bd00000)
 Metaspace       used 33342K, capacity 35354K, committed 35496K, reserved 1079296K
  class space    used 4482K, capacity 4873K, committed 4992K, reserved 1048576K
}
Event: 15.928 GC heap before
{Heap before GC invocations=13 (full 2):
 PSYoungGen      total 128000K, used 7063K [0x00000000d8400000, 0x00000000e2180000, 0x0000000100000000)
  eden space 119808K, 0% used [0x00000000d8400000,0x00000000d8400000,0x00000000df900000)
  from space 8192K, 86% used [0x00000000df900000,0x00000000dffe5ef0,0x00000000e0100000)
  to   space 9216K, 0% used [0x00000000e1880000,0x00000000e1880000,0x00000000e2180000)
 ParOldGen       total 50176K, used 15145K [0x0000000088c00000, 0x000000008bd00000, 0x00000000d8400000)
  object space 50176K, 30% used [0x0000000088c00000,0x0000000089aca598,0x000000008bd00000)
 Metaspace       used 33342K, capacity 35354K, committed 35496K, reserved 1079296K
  class space    used 4482K, capacity 4873K, committed 4992K, reserved 1048576K
Event: 16.026 GC heap after
Heap after GC invocations=13 (full 2):
 PSYoungGen      total 128000K, used 0K [0x00000000d8400000, 0x00000000e2180000, 0x0000000100000000)
  eden space 119808K, 0% used [0x00000000d8400000,0x00000000d8400000,0x00000000df900000)
  from space 8192K, 0% used [0x00000000df900000,0x00000000df900000,0x00000000e0100000)
  to   space 9216K, 0% used [0x00000000e1880000,0x00000000e1880000,0x00000000e2180000)
 ParOldGen       total 50176K, used 19807K [0x0000000088c00000, 0x000000008bd00000, 0x00000000d8400000)
  object space 50176K, 39% used [0x0000000088c00000,0x0000000089f57d00,0x000000008bd00000)
 Metaspace       used 33342K, capacity 35354K, committed 35496K, reserved 1079296K
  class space    used 4482K, capacity 4873K, committed 4992K, reserved 1048576K
}
Event: 16.909 GC heap before
{Heap before GC invocations=14 (full 2):
 PSYoungGen      total 128000K, used 119808K [0x00000000d8400000, 0x00000000e2180000, 0x0000000100000000)
  eden space 119808K, 100% used [0x00000000d8400000,0x00000000df900000,0x00000000df900000)
  from space 8192K, 0% used [0x00000000df900000,0x00000000df900000,0x00000000e0100000)
  to   space 9216K, 0% used [0x00000000e1880000,0x00000000e1880000,0x00000000e2180000)
 ParOldGen       total 50176K, used 19807K [0x0000000088c00000, 0x000000008bd00000, 0x00000000d8400000)
  object space 50176K, 39% used [0x0000000088c00000,0x0000000089f57d00,0x000000008bd00000)
 Metaspace       used 36423K, capacity 38592K, committed 38784K, reserved 1083392K
  class space    used 4841K, capacity 5236K, committed 5248K, reserved 1048576K
Event: 16.913 GC heap after
Heap after GC invocations=14 (full 2):
 PSYoungGen      total 129024K, used 2978K [0x00000000d8400000, 0x00000000e2180000, 0x0000000100000000)
  eden space 119808K, 0% used [0x00000000d8400000,0x00000000d8400000,0x00000000df900000)
  from space 9216K, 32% used [0x00000000e1880000,0x00000000e1b68900,0x00000000e2180000)
  to   space 8192K, 0% used [0x00000000df900000,0x00000000df900000,0x00000000e0100000)
 ParOldGen       total 50176K, used 19879K [0x0000000088c00000, 0x000000008bd00000, 0x00000000d8400000)
  object space 50176K, 39% used [0x0000000088c00000,0x0000000089f69d10,0x000000008bd00000)
 Metaspace       used 36423K, capacity 38592K, committed 38784K, reserved 1083392K
  class space    used 4841K, capacity 5236K, committed 5248K, reserved 1048576K
}
Event: 17.473 GC heap before
{Heap before GC invocations=15 (full 2):
 PSYoungGen      total 129024K, used 122786K [0x00000000d8400000, 0x00000000e2180000, 0x0000000100000000)
  eden space 119808K, 100% used [0x00000000d8400000,0x00000000df900000,0x00000000df900000)
  from space 9216K, 32% used [0x00000000e1880000,0x00000000e1b68900,0x00000000e2180000)
  to   space 8192K, 0% used [0x00000000df900000,0x00000000df900000,0x00000000e0100000)
 ParOldGen       total 50176K, used 19879K [0x0000000088c00000, 0x000000008bd00000, 0x00000000d8400000)
  object space 50176K, 39% used [0x0000000088c00000,0x0000000089f69d10,0x000000008bd00000)
 Metaspace       used 37245K, capacity 39516K, committed 39680K, reserved 1083392K
  class space    used 4876K, capacity 5288K, committed 5376K, reserved 1048576K
Event: 17.478 GC heap after
Heap after GC invocations=15 (full 2):
 PSYoungGen      total 128000K, used 5696K [0x00000000d8400000, 0x00000000e2180000, 0x0000000100000000)
  eden space 119808K, 0% used [0x00000000d8400000,0x00000000d8400000,0x00000000df900000)
  from space 8192K, 69% used [0x00000000df900000,0x00000000dfe90020,0x00000000e0100000)
  to   space 9216K, 0% used [0x00000000e1880000,0x00000000e1880000,0x00000000e2180000)
 ParOldGen       total 50176K, used 19887K [0x0000000088c00000, 0x000000008bd00000, 0x00000000d8400000)
  object space 50176K, 39% used [0x0000000088c00000,0x0000000089f6bd10,0x000000008bd00000)
 Metaspace       used 37245K, capacity 39516K, committed 39680K, reserved 1083392K
  class space    used 4876K, capacity 5288K, committed 5376K, reserved 1048576K
}

Deoptimization events (0 events):
No events

Classes redefined (0 events):
No events

Internal exceptions (10 events):
Event: 17.850 Thread 0x000001c0f88ba000 Exception <a 'java/lang/ArrayIndexOutOfBoundsException'> (0x00000000dbfc92d0) thrown at [C:\jenkins\workspace\8-2-build-windows-amd64-cygwin\jdk8u291\1294\hotspot\src\share\vm\runtime\sharedRuntime.cpp, line 609]
Event: 17.850 Thread 0x000001c0f88ba000 Exception <a 'java/lang/ArrayIndexOutOfBoundsException'> (0x00000000dbfcaf18) thrown at [C:\jenkins\workspace\8-2-build-windows-amd64-cygwin\jdk8u291\1294\hotspot\src\share\vm\runtime\sharedRuntime.cpp, line 609]
Event: 17.852 Thread 0x000001c0f88ba000 Exception <a 'java/lang/ClassNotFoundException': org/springframework/context/ApplicationContextAwareCustomizer> (0x00000000dbffe898) thrown at [C:\jenkins\workspace\8-2-build-windows-amd64-cygwin\jdk8u291\1294\hotspot\src\share\vm\classfile\systemDictiona
Event: 17.854 Thread 0x000001c0f88ba000 Exception <a 'java/lang/ClassNotFoundException': org/springframework/beans/factory/AwareCustomizer> (0x00000000dc02a3f8) thrown at [C:\jenkins\workspace\8-2-build-windows-amd64-cygwin\jdk8u291\1294\hotspot\src\share\vm\classfile\systemDictionary.cpp, line
Event: 17.856 Thread 0x000001c0f88ba000 Exception <a 'java/lang/ClassNotFoundException': org/springframework/context/ApplicationListenerCustomizer> (0x00000000dc058bb8) thrown at [C:\jenkins\workspace\8-2-build-windows-amd64-cygwin\jdk8u291\1294\hotspot\src\share\vm\classfile\systemDictionary.c
Event: 17.856 Thread 0x000001c0f88ba000 Exception <a 'java/lang/ArrayIndexOutOfBoundsException'> (0x00000000dc0598e0) thrown at [C:\jenkins\workspace\8-2-build-windows-amd64-cygwin\jdk8u291\1294\hotspot\src\share\vm\runtime\sharedRuntime.cpp, line 609]
Event: 17.857 Thread 0x000001c0f88ba000 Exception <a 'java/lang/ClassNotFoundException': java/util/EventListenerCustomizer> (0x00000000dc06b898) thrown at [C:\jenkins\workspace\8-2-build-windows-amd64-cygwin\jdk8u291\1294\hotspot\src\share\vm\classfile\systemDictionary.cpp, line 212]
Event: 17.859 Thread 0x000001c0f88ba000 Exception <a 'java/lang/ClassNotFoundException': org/springframework/beans/factory/InitializingBeanCustomizer> (0x00000000dc09c0e8) thrown at [C:\jenkins\workspace\8-2-build-windows-amd64-cygwin\jdk8u291\1294\hotspot\src\share\vm\classfile\systemDictionar
Event: 18.017 Thread 0x000001c0f88ba000 Exception <a 'java/lang/ArrayIndexOutOfBoundsException'> (0x00000000dcb81e68) thrown at [C:\jenkins\workspace\8-2-build-windows-amd64-cygwin\jdk8u291\1294\hotspot\src\share\vm\runtime\sharedRuntime.cpp, line 609]
Event: 18.024 Thread 0x000001c0f88ba000 Exception <a 'java/lang/ArrayIndexOutOfBoundsException'> (0x00000000dcbf09c0) thrown at [C:\jenkins\workspace\8-2-build-windows-amd64-cygwin\jdk8u291\1294\hotspot\src\share\vm\runtime\sharedRuntime.cpp, line 609]

Events (10 events):
Event: 18.044 loading class springfox/documentation/service/ResolvedMethodParameter
Event: 18.044 loading class springfox/documentation/service/ResolvedMethodParameter done
Event: 18.049 loading class java/beans/IntrospectionException
Event: 18.049 loading class java/beans/IntrospectionException done
Event: 18.049 loading class springfox/documentation/spi/schema/AlternateTypeProvider
Event: 18.049 loading class springfox/documentation/spi/schema/AlternateTypeProvider done
Event: 18.050 loading class springfox/documentation/spring/web/readers/parameter/ExpansionContext
Event: 18.050 loading class springfox/documentation/spring/web/readers/parameter/ExpansionContext done
Event: 18.052 loading class springfox/documentation/spring/web/readers/parameter/ModelAttributeField
Event: 18.052 loading class springfox/documentation/spring/web/readers/parameter/ModelAttributeField done


Dynamic libraries:
0x00007ff7e8f10000 - 0x00007ff7e8f57000 	C:\Program Files\Java\jdk1.8.0_291\bin\java.exe
0x00007ffb966d0000 - 0x00007ffb968c5000 	C:\Windows\SYSTEM32\ntdll.dll
0x00007ffb95660000 - 0x00007ffb9571e000 	C:\Windows\System32\KERNEL32.DLL
0x00007ffb942e0000 - 0x00007ffb945a9000 	C:\Windows\System32\KERNELBASE.dll
0x00007ffb96010000 - 0x00007ffb960bc000 	C:\Windows\System32\ADVAPI32.dll
0x00007ffb952a0000 - 0x00007ffb9533e000 	C:\Windows\System32\msvcrt.dll
0x00007ffb95de0000 - 0x00007ffb95e7b000 	C:\Windows\System32\sechost.dll
0x00007ffb94720000 - 0x00007ffb9484a000 	C:\Windows\System32\RPCRT4.dll
0x00007ffb957f0000 - 0x00007ffb95991000 	C:\Windows\System32\USER32.dll
0x00007ffb93ed0000 - 0x00007ffb93ef2000 	C:\Windows\System32\win32u.dll
0x00007ffb954f0000 - 0x00007ffb9551b000 	C:\Windows\System32\GDI32.dll
0x00007ffb945b0000 - 0x00007ffb946bb000 	C:\Windows\System32\gdi32full.dll
0x00007ffb94240000 - 0x00007ffb942dd000 	C:\Windows\System32\msvcp_win.dll
0x00007ffb93fe0000 - 0x00007ffb940e0000 	C:\Windows\System32\ucrtbase.dll
0x00007ffb84c40000 - 0x00007ffb84eda000 	C:\Windows\WinSxS\amd64_microsoft.windows.common-controls_6595b64144ccf1df_6.0.19041.1110_none_60b5254171f9507e\COMCTL32.dll
0x00007ffb95340000 - 0x00007ffb95370000 	C:\Windows\System32\IMM32.DLL
0x00007ffb8e900000 - 0x00007ffb8e915000 	C:\Program Files\Java\jdk1.8.0_291\jre\bin\vcruntime140.dll
0x00007ffb78430000 - 0x00007ffb784cb000 	C:\Program Files\Java\jdk1.8.0_291\jre\bin\msvcp140.dll
0x000000006f290000 - 0x000000006faf0000 	C:\Program Files\Java\jdk1.8.0_291\jre\bin\server\jvm.dll
0x00007ffb95650000 - 0x00007ffb95658000 	C:\Windows\System32\PSAPI.DLL
0x00007ffb8e6f0000 - 0x00007ffb8e6f9000 	C:\Windows\SYSTEM32\WSOCK32.dll
0x00007ffb7e3a0000 - 0x00007ffb7e3c7000 	C:\Windows\SYSTEM32\WINMM.dll
0x00007ffb8d0d0000 - 0x00007ffb8d0da000 	C:\Windows\SYSTEM32\VERSION.dll
0x00007ffb95140000 - 0x00007ffb951ab000 	C:\Windows\System32\WS2_32.dll
0x00007ffb91cf0000 - 0x00007ffb91d02000 	C:\Windows\SYSTEM32\kernel.appcore.dll
0x00007ffb7de90000 - 0x00007ffb7dea0000 	C:\Program Files\Java\jdk1.8.0_291\jre\bin\verify.dll
0x00007ffb7d3f0000 - 0x00007ffb7d41b000 	C:\Program Files\Java\jdk1.8.0_291\jre\bin\java.dll
0x00007ffb78ac0000 - 0x00007ffb78af0000 	C:\Program Files\Java\jdk1.8.0_291\jre\bin\instrument.dll
0x00007ffb78d60000 - 0x00007ffb78d78000 	C:\Program Files\Java\jdk1.8.0_291\jre\bin\zip.dll
0x00007ffb94a00000 - 0x00007ffb9513f000 	C:\Windows\System32\SHELL32.dll
0x00007ffb91ef0000 - 0x00007ffb92680000 	C:\Windows\SYSTEM32\windows.storage.dll
0x00007ffb959a0000 - 0x00007ffb95cf5000 	C:\Windows\System32\combase.dll
0x00007ffb93840000 - 0x00007ffb9386c000 	C:\Windows\SYSTEM32\Wldp.dll
0x00007ffb95370000 - 0x00007ffb9541d000 	C:\Windows\System32\SHCORE.dll
0x00007ffb965d0000 - 0x00007ffb96625000 	C:\Windows\System32\shlwapi.dll
0x00007ffb93d30000 - 0x00007ffb93d4f000 	C:\Windows\SYSTEM32\profapi.dll
0x00007ffb78410000 - 0x00007ffb7842a000 	C:\Program Files\JetBrains\IntelliJ IDEA 2021.2.1\bin\breakgen64.dll
0x00007ffb78b10000 - 0x00007ffb78b2c000 	C:\Program Files\Java\jdk1.8.0_291\jre\bin\net.dll
0x00007ffb935a0000 - 0x00007ffb9360a000 	C:\Windows\system32\mswsock.dll
0x00007ffb93290000 - 0x00007ffb9335c000 	C:\Windows\SYSTEM32\DNSAPI.dll
0x00007ffb93240000 - 0x00007ffb9327b000 	C:\Windows\SYSTEM32\IPHLPAPI.DLL
0x00007ffb965c0000 - 0x00007ffb965c8000 	C:\Windows\System32\NSI.dll
0x00007ffb88590000 - 0x00007ffb8859a000 	C:\Windows\System32\rasadhlp.dll
0x00007ffb87100000 - 0x00007ffb8717f000 	C:\Windows\System32\fwpuclnt.dll
0x00007ffb93f00000 - 0x00007ffb93f27000 	C:\Windows\System32\bcrypt.dll
0x00007ffb7de80000 - 0x00007ffb7de8d000 	C:\Program Files\Java\jdk1.8.0_291\jre\bin\management.dll
0x00007ffb78af0000 - 0x00007ffb78b03000 	C:\Program Files\Java\jdk1.8.0_291\jre\bin\nio.dll
0x00007ffb937a0000 - 0x00007ffb937b8000 	C:\Windows\SYSTEM32\CRYPTSP.dll
0x00007ffb92eb0000 - 0x00007ffb92ee4000 	C:\Windows\system32\rsaenh.dll
0x00007ffb93cb0000 - 0x00007ffb93cde000 	C:\Windows\SYSTEM32\USERENV.dll
0x00007ffb93df0000 - 0x00007ffb93e73000 	C:\Windows\System32\bcryptprimitives.dll
0x00007ffb93790000 - 0x00007ffb9379c000 	C:\Windows\SYSTEM32\CRYPTBASE.dll
0x00007ffb8cd90000 - 0x00007ffb8cda7000 	C:\Windows\SYSTEM32\dhcpcsvc6.DLL
0x00007ffb8cd70000 - 0x00007ffb8cd8d000 	C:\Windows\SYSTEM32\dhcpcsvc.DLL
0x00007ffb7f2e0000 - 0x00007ffb7f2f7000 	C:\Windows\system32\napinsp.dll
0x00007ffb7f2c0000 - 0x00007ffb7f2db000 	C:\Windows\system32\pnrpnsp.dll
0x00007ffb7f2a0000 - 0x00007ffb7f2b5000 	C:\Windows\system32\wshbth.dll
0x00007ffb8f7c0000 - 0x00007ffb8f7dd000 	C:\Windows\system32\NLAapi.dll
0x00007ffb7f220000 - 0x00007ffb7f232000 	C:\Windows\System32\winrnr.dll
0x00007ffb80070000 - 0x00007ffb80254000 	C:\Windows\SYSTEM32\dbghelp.dll

VM Arguments:
jvm_args: -XX:TieredStopAtLevel=1 -Xverify:none -Dspring.output.ansi.enabled=always -javaagent:C:\Program Files\JetBrains\IntelliJ IDEA 2021.2.1\lib\idea_rt.jar=63864:C:\Program Files\JetBrains\IntelliJ IDEA 2021.2.1\bin -Dcom.sun.management.jmxremote -Dspring.jmx.enabled=true -Dspring.liveBeansView.mbeanDomain -Dspring.application.admin.enabled=true -Dfile.encoding=UTF-8 
java_command: com.psi.sellergoods.SellerGoodsApp
java_class_path (initial): C:\Program Files\Java\jdk1.8.0_291\jre\lib\charsets.jar;C:\Program Files\Java\jdk1.8.0_291\jre\lib\deploy.jar;C:\Program Files\Java\jdk1.8.0_291\jre\lib\ext\access-bridge-64.jar;C:\Program Files\Java\jdk1.8.0_291\jre\lib\ext\cldrdata.jar;C:\Program Files\Java\jdk1.8.0_291\jre\lib\ext\dnsns.jar;C:\Program Files\Java\jdk1.8.0_291\jre\lib\ext\jaccess.jar;C:\Program Files\Java\jdk1.8.0_291\jre\lib\ext\jfxrt.jar;C:\Program Files\Java\jdk1.8.0_291\jre\lib\ext\localedata.jar;C:\Program Files\Java\jdk1.8.0_291\jre\lib\ext\nashorn.jar;C:\Program Files\Java\jdk1.8.0_291\jre\lib\ext\sunec.jar;C:\Program Files\Java\jdk1.8.0_291\jre\lib\ext\sunjce_provider.jar;C:\Program Files\Java\jdk1.8.0_291\jre\lib\ext\sunmscapi.jar;C:\Program Files\Java\jdk1.8.0_291\jre\lib\ext\sunpkcs11.jar;C:\Program Files\Java\jdk1.8.0_291\jre\lib\ext\zipfs.jar;C:\Program Files\Java\jdk1.8.0_291\jre\lib\javaws.jar;C:\Program Files\Java\jdk1.8.0_291\jre\lib\jce.jar;C:\Program Files\Java\jdk1.8.0_291\jre\lib\jfr.jar;C:\Program Files\Java\jdk1.8.0_291\jre\lib\jfxswt.jar;C:\Program Files\Java\jdk1.8.0_291\jre\lib\jsse.jar;C:\Program Files\Java\jdk1.8.0_291\jre\lib\management-agent.jar;C:\Program Files\Java\jdk1.8.0_291\jre\lib\plugin.jar;C:\Program Files\Java\jdk1.8.0_291\jre\lib\resources.jar;C:\Program Files\Java\jdk1.8.0_291\jre\lib\rt.jar;C:\Users\Jarvis\IdeaProjects\Dongyimai\dongyimai_service\sellergoods_service\target\classes;C:\Users\Jarvis\IdeaProjects\Dongyimai\dongyimai_service_api\sellergoods_service_api\target\classes;C:\Users\Jarvis\IdeaProjects\Dongyimai\dongyimai_common_db\target\classes;C:\Users\Jarvis\IdeaProjects\Dongyimai\dongyimai_common\target\classes;D:\MavenJar\org\springframework\boot\spring-boot-starter-web\2.3.8.RELEASE\spring-boot-starter-web-2.3.8.RELEASE.jar;D:\MavenJar\org\springframework\boot\spring-boot-starter-json\2.3.8.RELEASE\spring-boot-starter-json-2.3.8.RELEASE.jar;D:\MavenJar\com\fasterxml\jackson\core\jackson-databind\2.11.4\jackson-datab
Launcher Type: SUN_STANDARD

Environment Variables:
JAVA_HOME=C:\Program Files\Java\jdk1.8.0_291
PATH=D:\VMware Workstation\bin\;C:\Program Files\Java\jdk1.8.0_291\jdk1.8.0_291\bin;D:\apache-maven-3.8.2\bin;C:\Program Files\MySQL\MySQL Server 8.0\bin;C:\Windows\system32;C:\Windows;C:\Windows\System32\Wbem;C:\Windows\System32\WindowsPowerShell\v1.0\;C:\Windows\System32\OpenSSH\;C:\Program Files (x86)\NVIDIA Corporation\PhysX\Common;C:\Program Files\MySQL\MySQL Server 5.5\bin;C:\Program Files\Git\cmd;C:\Program Files (x86)\NetSarang\Xftp 7\;C:\Program Files (x86)\NetSarang\Xshell 7\;C:\Users\Jarvis\AppData\Local\Microsoft\WindowsApps;C:\Program Files\Bandizip\;C:\Program Files\Microsoft VS Code\bin
USERNAME=Jarvis
OS=Windows_NT
PROCESSOR_IDENTIFIER=Intel64 Family 6 Model 60 Stepping 3, GenuineIntel



---------------  S Y S T E M  ---------------

OS: Windows 10.0 , 64 bit Build 19041 (10.0.19041.1202)

CPU:total 8 (initial active 8) (4 cores per cpu, 2 threads per core) family 6 model 60 stepping 3, cmov, cx8, fxsr, mmx, sse, sse2, sse3, ssse3, sse4.1, sse4.2, popcnt, avx, avx2, aes, clmul, erms, lzcnt, ht, tsc, tscinvbit, bmi1, bmi2

Memory: 4k page, physical 7814220k(421648k free), swap 12008524k(1092k free)

vm_info: Java HotSpot(TM) 64-Bit Server VM (25.291-b10) for windows-amd64 JRE (1.8.0_291-b10), built on Apr  9 2021 00:02:00 by "java_re" with MS VC++ 15.9 (VS2017)

time: Thu Nov 11 02:25:35 2021
timezone: 中国标准时间
elapsed time: 18.123192 seconds (0d 0h 0m 18s)

